\BOOKMARK [0][-]{chapter.1}{Introduction}{}% 1
\BOOKMARK [0][-]{chapter.2}{Amplitude Shift keying}{}% 2
\BOOKMARK [1][-]{section.2.1}{Introduction}{chapter.2}% 3
\BOOKMARK [1][-]{section.2.2}{ASK Modulation}{chapter.2}% 4
\BOOKMARK [1][-]{section.2.3}{ASK Demodulation}{chapter.2}% 5
\BOOKMARK [2][-]{subsection.2.3.1}{Coherent Detection}{section.2.3}% 6
\BOOKMARK [2][-]{subsection.2.3.2}{Non Coherent Detection}{section.2.3}% 7
\BOOKMARK [1][-]{section.2.4}{Applications of ASK}{chapter.2}% 8
\BOOKMARK [0][-]{chapter.3}{Frequency Shift Keying}{}% 9
\BOOKMARK [1][-]{section.3.1}{Introduction}{chapter.3}% 10
\BOOKMARK [1][-]{section.3.2}{FSK Modulator}{chapter.3}% 11
\BOOKMARK [1][-]{section.3.3}{Classification of FSK}{chapter.3}% 12
\BOOKMARK [1][-]{section.3.4}{BFSK}{chapter.3}% 13
\BOOKMARK [2][-]{subsection.3.4.1}{Tone Spacing}{section.3.4}% 14
\BOOKMARK [2][-]{subsection.3.4.2}{Bandwith}{section.3.4}% 15
\BOOKMARK [2][-]{subsection.3.4.3}{Modulation Index}{section.3.4}% 16
\BOOKMARK [1][-]{section.3.5}{M-ary FSK}{chapter.3}% 17
\BOOKMARK [1][-]{section.3.6}{Minimum Shift Keying}{chapter.3}% 18
\BOOKMARK [1][-]{section.3.7}{Demodulation of FSK}{chapter.3}% 19
\BOOKMARK [2][-]{subsection.3.7.1}{Coherent FSK detection}{section.3.7}% 20
\BOOKMARK [2][-]{subsection.3.7.2}{Non-coherent FSK Detection}{section.3.7}% 21
\BOOKMARK [1][-]{section.3.8}{Applications of FSK}{chapter.3}% 22
\BOOKMARK [0][-]{chapter.4}{Conclusion}{}% 23
